xrun(64): 18.09-s011: (c) Copyright 1995-2019 Cadence Design Systems, Inc.
TOOL:	xrun(64)	18.09-s011: Started on Nov 07, 2019 at 15:27:41 -03
xrun
	-64bit
	-uvm
	./tb/pkg.sv
	./tb/interface_if.sv
	./rtl/datapath.sv
	./rtl/ula.sv
	./rtl/rb.sv
	./rtl/mux.sv
	./tb/top.sv
	-sv_lib ./tb/test.so
	+UVM_TESTNAME=test
	-covtest test
	-access +r
	-input ./tb/shm.tcl
	+uvm_set_config_int=*,recording_detail,1
	-coverage all
	-covoverwrite
	-nowarn NONPRT

   User defined plus("+") options:
	+uvm_set_config_int=*,recording_detail,1

Compiling UVM packages (uvm_pkg.sv cdns_uvm_pkg.sv) using uvmhome location /usr/local/cds/XCELIUM1809/tools/methodology/UVM/CDNS-1.1d
file: ./tb/pkg.sv
package pkg;
          |
xmvlog: *W,TSNSPK (./tb/pkg.sv,25|10): `timescale is not specified for the package.  The default timescale of 1ns/1ns will be assumed for this package.
		begin_tr(req,"driver_in");
		       |
xmvlog: *W,FUNTSK (./tb/driver_in.sv,118|9): function called as a task without void'().
			begin_tr(tr_in,"monitor_in");
			       |
xmvlog: *W,FUNTSK (./tb/monitor_in.sv,87|10): function called as a task without void'().
			begin_tr(tr_out, "monitor_out");
			       |
xmvlog: *W,FUNTSK (./tb/monitor_out.sv,77|10): function called as a task without void'().
    reg_reset();
            |
xmvlog: *W,FUNTSK (./tb/refmod.sv,18|12): function called as a task without void'().
      begin_tr(tr_out, "refmod");​
             |
xmvlog: *W,FUNTSK (./tb/refmod.sv,67|13): function called as a task without void'().
	package worklib.pkg:sv
		errors: 0, warnings: 6
file: ./tb/interface_if.sv
	interface worklib.interface_if:sv
		errors: 0, warnings: 0
file: ./rtl/datapath.sv
	module worklib.datapath:sv
		errors: 0, warnings: 0
file: ./rtl/ula.sv
	module worklib.ula:sv
		errors: 0, warnings: 0
file: ./rtl/rb.sv
	module worklib.rb:sv
		errors: 0, warnings: 0
file: ./rtl/mux.sv
	module worklib.mux:sv
		errors: 0, warnings: 0
file: ./tb/top.sv
	module worklib.top:sv
		errors: 0, warnings: 0
		Caching library 'worklib' ....... Done
	Elaborating the design hierarchy:
	Top level design units:
		uvm_pkg
		cdns_uvmapi
		cdns_assert2uvm_pkg
		cdns_uvm_pkg
		pkg
		top
xmelab: *W,DSEMEL: This SystemVerilog design will be simulated as per IEEE 1800-2009 SystemVerilog simulation semantics. Use -disable_sem2009 option for turning off SV 2009 simulation semantics.

	Extracting FSMs for coverage:
		worklib.ula
		worklib.rb
		worklib.mux
		worklib.datapath
		worklib.top
	Total FSMs extracted = 0
	Building instance overlay tables: .................... Done
	Enabling instrumentation for coverage types: block expression FSM toggle functional
xmelab: *W,COVDCL: By default expression coverage is scored only for Verilog logical operators (|| and &&) and VHDL logical operators (OR, AND, NOR, and NAND), and is scored only in condition expressions. To score coverage for other operators and for expressions in other statements, use the "set_expr_coverable_operators" and "set_expr_coverable_statements" coverage configuration file commands with suitable options at elaboration.
	Generating native compiled code:
		worklib.mux:sv <0x77ade4ec>
			streams:   1, words:  1532
		worklib.rb:sv <0x39c7d4ff>
			streams:   7, words:  4408
		worklib.ula:sv <0x57572a0e>
			streams:  11, words: 11556
		worklib.datapath:sv <0x4c49a8ab>
			streams:  12, words:  4262
		worklib.uvm_pkg:sv <0x08bf604c>
			streams:   8, words:  8278
		worklib.uvm_pkg:sv <0x761eeeda>
			streams:   8, words:  7903
		worklib.uvm_pkg:sv <0x740228e9>
			streams:   7, words:  7262
		worklib.uvm_pkg:sv <0x0c011be8>
			streams:   7, words:  1844
		worklib.uvm_pkg:sv <0x6701a480>
			streams:   9, words:  3380
		worklib.uvm_pkg:sv <0x3b570f77>
			streams:  22, words: 60149
		worklib.uvm_pkg:sv <0x54f5e0ea>
			streams:   7, words:  1844
		worklib.uvm_pkg:sv <0x0c152034>
			streams:  28, words: 31431
		worklib.uvm_pkg:sv <0x6c2c2ac1>
			streams:  27, words: 29748
		worklib.uvm_pkg:sv <0x489c848d>
			streams:  23, words: 28205
		worklib.uvm_pkg:sv <0x4e563488>
			streams:  17, words: 15680
		worklib.uvm_pkg:sv <0x6e0b8dfd>
			streams:  26, words: 39490
		worklib.uvm_pkg:sv <0x040b13b3>
			streams:   7, words:  2348
		worklib.uvm_pkg:sv <0x1aa04e0b>
			streams:  16, words: 20551
		worklib.uvm_pkg:sv <0x15a62d9c>
			streams:  26, words: 35468
		worklib.uvm_pkg:sv <0x4635a6fd>
			streams:  25, words: 62470
		worklib.uvm_pkg:sv <0x7269d186>
			streams:  27, words: 39022
		worklib.uvm_pkg:sv <0x03cb9bbc>
			streams:  26, words: 54834
		worklib.uvm_pkg:sv <0x11213e55>
			streams:  27, words: 42096
		worklib.uvm_pkg:sv <0x5976dd28>
			streams:  25, words: 60800
		worklib.uvm_pkg:sv <0x28dac494>
			streams:  27, words: 44260
		worklib.uvm_pkg:sv <0x00fc11bc>
			streams:  25, words: 66904
		worklib.uvm_pkg:sv <0x125485f5>
			streams:  27, words: 49806
		worklib.uvm_pkg:sv <0x0279089c>
			streams:  25, words: 59034
		worklib.uvm_pkg:sv <0x50618ebc>
			streams:  25, words: 62189
		worklib.uvm_pkg:sv <0x714d4b56>
			streams:  27, words: 41168
		worklib.uvm_pkg:sv <0x6dc90a4b>
			streams:  25, words: 58581
		worklib.uvm_pkg:sv <0x2bda65c5>
			streams:  29, words: 105796
		worklib.uvm_pkg:sv <0x016d01dc>
			streams:  71, words: 140316
		worklib.cdns_uvm_pkg:sv <0x6fb9c1b1>
			streams:  28, words: 39360
		worklib.cdns_uvm_pkg:sv <0x67534b59>
			streams:   9, words:  5179
		worklib.cdns_uvm_pkg:sv <0x4b0c528a>
			streams:  10, words:  9339
		worklib.uvm_pkg:sv <0x53ba6d98>
			streams:  24, words: 23345
		worklib.uvm_pkg:sv <0x381f4ed5>
			streams:   7, words:  3126
		worklib.uvm_pkg:sv <0x6f21421c>
			streams:  24, words: 27377
		worklib.uvm_pkg:sv <0x4f872bc5>
			streams:  70, words: 83356
		worklib.uvm_pkg:sv <0x0088cb01>
			streams: 118, words: 197448
		worklib.uvm_pkg:sv <0x66d6c59e>
			streams:  28, words: 42382
		worklib.uvm_pkg:sv <0x647fe1f7>
			streams:  24, words: 23841
		worklib.uvm_pkg:sv <0x33711aa0>
			streams:   9, words:  5110
		worklib.uvm_pkg:sv <0x5059f4c4>
			streams: 278, words: 330652
		worklib.uvm_pkg:sv <0x15215791>
			streams:   7, words:  3126
		worklib.uvm_pkg:sv <0x457c1fbb>
			streams:  39, words: 53256
		worklib.pkg:sv <0x64aa38cc>
			streams:  41, words: 38263
		worklib.uvm_pkg:sv <0x61f0a149>
			streams: 105, words: 177649
		worklib.uvm_pkg:sv <0x28ca4bf5>
			streams:   7, words:  3126
		worklib.uvm_pkg:sv <0x0bd4caf9>
			streams:  23, words: 28730
		worklib.uvm_pkg:sv <0x0e84b953>
			streams: 219, words: 293225
		worklib.uvm_pkg:sv <0x572b7500>
			streams:  23, words: 42702
		worklib.top:sv <0x3c2a2360>
			streams:  84, words: 129150
		worklib.pkg:sv <0x4baa93b0>
			streams:   0, words:     0
		worklib.cdns_uvm_pkg:sv <0x760066c7>
			streams: 136, words: 284984
		worklib.cdns_uvmapi:svp <0x2d88a7ad>
			streams:  27, words: 36890
		worklib.cdns_assert2uvm_pkg:sv <0x1ce4b69a>
			streams:   3, words:  2525
		worklib.uvm_pkg:sv <0x3497508c>
			streams: 4718, words: 9314257
logic [15:0] registers [4];
                     |
xmelab: *W,COVMDD (./rtl/rb.sv,16|21): Toggle coverage for bit, logic, reg, wire, and struct multi-dimensional static arrays and vectors is not supported by default. To enable toggle coverage on for these types specify 'set_toggle_scoring -sv_mda [<max_bit_base2_exponent>] [-sv_mda_of_struct]' ccf command in the coverage configuration file.
	Building instance specific data structures.
	Loading native compiled code:     .................... Done
	Design hierarchy summary:
		                       Instances  Unique
		Modules:                       5       5
		Interfaces:                    1       1
		Verilog packages:              5       5
		Registers:                 14703   10298
		Scalar wires:                 12       -
		Vectored wires:               27       -
		Named events:                  4      24
		Always blocks:                 8       8
		Initial blocks:              306     159
		Parallel blocks:              30      31
		Cont. assignments:             3       3
		Pseudo assignments:           23      23
		Assertions:                    5       5
		SV Class declarations:       210     318
		SV Class specializations:    414     414
	Writing initial simulation snapshot: worklib.top:sv
Loading snapshot worklib.top:sv .................... Done
SVSEED default: 1
xmsim: *W,RNDXCELON: Xceligen, the new SystemVerilog constraint solver is used. Disabling Xceligen and using the legacy constraint solver is possible with "xrun/xmsim -xceligen on=0 ...".
xmsim: *W,DSEM2009: This SystemVerilog design is simulated as per IEEE 1800-2009 SystemVerilog simulation semantics. Use -disable_sem2009 option for turning off SV 2009 simulation semantics.
xcelium> source /usr/local/cds/XCELIUM1809/tools/xcelium/files/xmsimrc
xcelium> source /usr/local/cds/XCELIUM1809/tools/methodology/UVM/CDNS-1.1d/additions/sv/files/tcl/uvm_sim.tcl
xcelium> database -open waves -shm
Created SHM database waves
xcelium> probe -create top -depth all -all -shm -database waves
Created probe 1
xcelium> run 
----------------------------------------------------------------
CDNS-UVM-1.1d (18.09-s011)
(C) 2007-2013 Mentor Graphics Corporation
(C) 2007-2013 Cadence Design Systems, Inc.
(C) 2006-2013 Synopsys, Inc.
(C) 2011-2013 Cypress Semiconductor Corp.
----------------------------------------------------------------

  ***********       IMPORTANT RELEASE NOTES         ************

  You are using a version of the UVM library that has been compiled
  with `UVM_NO_DEPRECATED undefined.
  See http://www.eda.org/svdb/view.php?id=3313 for more details.

  You are using a version of the UVM library that has been compiled
  with `UVM_OBJECT_MUST_HAVE_CONSTRUCTOR undefined.
  See http://www.eda.org/svdb/view.php?id=3770 for more details.

      (Specify +UVM_NO_RELNOTES to turn off this notice)

UVM_INFO @ 0: reporter [RNTST] Running test test...
UVM_INFO @ 0: reporter [UVM_CMDLINE_PROC] Applying config setting from the command line: +uvm_set_config_int=*,recording_detail,1
SDI/Verilog Transaction Recording Facility Version 18.09-s011
COVERAGE:           1
COVERAGE:           2
COVERAGE:           3
COVERAGE:           4
UVM_INFO @ 180: reporter [MISCMP] Miscompare for tr_out.result: lhs = 'hb45f : rhs = 'h0
UVM_INFO @ 180: reporter [MISCMP] 1 Miscompare(s) for object tr_out@5163 vs. tr_out@5085
UVM_WARNING @ 180: uvm_test_top.env_h.sb.comp [Comparator Mismatch] {result =          0} differs from {result =      46175}
COVERAGE:           5
COVERAGE:           6
COVERAGE:           7
COVERAGE:           8
COVERAGE:           9
COVERAGE:          10
COVERAGE:          11
COVERAGE:          12
COVERAGE:          13
COVERAGE:          14
COVERAGE:          15
COVERAGE:          16
COVERAGE:          17
COVERAGE:          18
COVERAGE:          19
COVERAGE:          20
COVERAGE:          21
COVERAGE:          22
COVERAGE:          23
COVERAGE:          24
COVERAGE:          25
COVERAGE:          26
COVERAGE:          27
COVERAGE:          28
COVERAGE:          29
COVERAGE:          30
COVERAGE:          31
COVERAGE:          32
COVERAGE:          33
COVERAGE:          34
COVERAGE:          35
COVERAGE:          36
COVERAGE:          37
COVERAGE:          38
COVERAGE:          39
COVERAGE:          40
COVERAGE:          41
COVERAGE:          42
COVERAGE:          43
COVERAGE:          44
COVERAGE:          45
COVERAGE:          46
COVERAGE:          47
COVERAGE:          48
COVERAGE:          49
COVERAGE:          50
COVERAGE:          51
COVERAGE:          52
COVERAGE:          53
COVERAGE:          54
COVERAGE:          55
COVERAGE:          56
COVERAGE:          57
COVERAGE:          58
COVERAGE:          59
COVERAGE:          60
COVERAGE:          61
COVERAGE:          62
COVERAGE:          63
COVERAGE:          64
COVERAGE:          65
COVERAGE:          66
COVERAGE:          67
COVERAGE:          68
COVERAGE:          69
COVERAGE:          70
COVERAGE:          71
COVERAGE:          72
COVERAGE:          73
COVERAGE:          74
COVERAGE:          75
COVERAGE:          76
COVERAGE:          77
COVERAGE:          78
COVERAGE:          79
COVERAGE:          80
COVERAGE:          81
COVERAGE:          82
COVERAGE:          83
COVERAGE:          84
COVERAGE:          85
COVERAGE:          86
COVERAGE:          87
COVERAGE:          88
COVERAGE:          89
COVERAGE:          90
COVERAGE:          91
COVERAGE:          92
COVERAGE:          93
COVERAGE:          94
COVERAGE:          95
COVERAGE:          96
COVERAGE:          97
COVERAGE:          98
COVERAGE:          99
COVERAGE:         100
COVERAGE:         101
COVERAGE:         102
COVERAGE:         103
COVERAGE:         104
COVERAGE:         105
COVERAGE:         106
COVERAGE:         107
COVERAGE:         108
COVERAGE:         109
COVERAGE:         110
COVERAGE:         111
COVERAGE:         112
COVERAGE:         113
COVERAGE:         114
COVERAGE:         115
COVERAGE:         116
COVERAGE:         117
COVERAGE:         118
COVERAGE:         119
COVERAGE:         120
COVERAGE:         121
COVERAGE:         122
COVERAGE:         123
COVERAGE:         124
COVERAGE:         125
COVERAGE:         126
COVERAGE:         127
COVERAGE:         128
COVERAGE:         129
COVERAGE:         130
COVERAGE:         131
COVERAGE:         132
COVERAGE:         133
COVERAGE:         134
COVERAGE:         135
COVERAGE:         136
COVERAGE:         137
COVERAGE:         138
COVERAGE:         139
COVERAGE:         140
COVERAGE:         141
COVERAGE:         142
COVERAGE:         143
COVERAGE:         144
COVERAGE:         145
COVERAGE:         146
COVERAGE:         147
COVERAGE:         148
COVERAGE:         149
COVERAGE:         150
COVERAGE:         151
COVERAGE:         152
COVERAGE:         153
COVERAGE:         154
COVERAGE:         155
COVERAGE:         156
COVERAGE:         157
COVERAGE:         158
COVERAGE:         159
COVERAGE:         160
COVERAGE:         161
COVERAGE:         162
COVERAGE:         163
COVERAGE:         164
COVERAGE:         165
COVERAGE:         166
COVERAGE:         167
COVERAGE:         168
COVERAGE:         169
COVERAGE:         170
COVERAGE:         171
COVERAGE:         172
COVERAGE:         173
COVERAGE:         174
COVERAGE:         175
COVERAGE:         176
COVERAGE:         177
COVERAGE:         178
COVERAGE:         179
COVERAGE:         180
COVERAGE:         181
COVERAGE:         182
COVERAGE:         183
COVERAGE:         184
COVERAGE:         185
COVERAGE:         186
COVERAGE:         187
COVERAGE:         188
COVERAGE:         189
COVERAGE:         190
COVERAGE:         191
COVERAGE:         192
COVERAGE:         193
COVERAGE:         194
COVERAGE:         195
COVERAGE:         196
COVERAGE:         197
COVERAGE:         198
COVERAGE:         199
COVERAGE:         200
COVERAGE:         201
COVERAGE:         202
COVERAGE:         203
COVERAGE:         204
COVERAGE:         205
COVERAGE:         206
COVERAGE:         207
COVERAGE:         208
COVERAGE:         209
COVERAGE:         210
COVERAGE:         211
COVERAGE:         212
COVERAGE:         213
COVERAGE:         214
COVERAGE:         215
COVERAGE:         216
COVERAGE:         217
COVERAGE:         218
COVERAGE:         219
COVERAGE:         220
COVERAGE:         221
COVERAGE:         222
COVERAGE:         223
COVERAGE:         224
COVERAGE:         225
COVERAGE:         226
COVERAGE:         227
COVERAGE:         228
COVERAGE:         229
COVERAGE:         230
COVERAGE:         231
COVERAGE:         232
COVERAGE:         233
COVERAGE:         234
COVERAGE:         235
COVERAGE:         236
COVERAGE:         237
COVERAGE:         238
COVERAGE:         239
COVERAGE:         240
COVERAGE:         241
COVERAGE:         242
COVERAGE:         243
COVERAGE:         244
COVERAGE:         245
COVERAGE:         246
COVERAGE:         247
COVERAGE:         248
COVERAGE:         249
COVERAGE:         250
COVERAGE:         251
COVERAGE:         252
COVERAGE:         253
COVERAGE:         254
COVERAGE:         255
COVERAGE:         256
COVERAGE:         257
COVERAGE:         258
COVERAGE:         259
COVERAGE:         260
COVERAGE:         261
COVERAGE:         262
COVERAGE:         263
COVERAGE:         264
COVERAGE:         265
COVERAGE:         266
COVERAGE:         267
COVERAGE:         268
COVERAGE:         269
COVERAGE:         270
COVERAGE:         271
COVERAGE:         272
COVERAGE:         273
COVERAGE:         274
COVERAGE:         275
COVERAGE:         276
COVERAGE:         277
COVERAGE:         278
COVERAGE:         279
COVERAGE:         280
COVERAGE:         281
COVERAGE:         282
COVERAGE:         283
COVERAGE:         284
COVERAGE:         285
COVERAGE:         286
COVERAGE:         287
COVERAGE:         288
COVERAGE:         289
COVERAGE:         290
COVERAGE:         291
COVERAGE:         292
COVERAGE:         293
COVERAGE:         294
COVERAGE:         295
COVERAGE:         296
COVERAGE:         297
COVERAGE:         298
COVERAGE:         299
COVERAGE:         300
COVERAGE:         301
COVERAGE:         302
COVERAGE:         303
COVERAGE:         304
COVERAGE:         305
COVERAGE:         306
COVERAGE:         307
COVERAGE:         308
COVERAGE:         309
COVERAGE:         310
COVERAGE:         311
COVERAGE:         312
COVERAGE:         313
COVERAGE:         314
COVERAGE:         315
COVERAGE:         316
COVERAGE:         317
COVERAGE:         318
COVERAGE:         319
COVERAGE:         320
COVERAGE:         321
COVERAGE:         322
COVERAGE:         323
COVERAGE:         324
COVERAGE:         325
COVERAGE:         326
COVERAGE:         327
COVERAGE:         328
COVERAGE:         329
COVERAGE:         330
COVERAGE:         331
COVERAGE:         332
COVERAGE:         333
COVERAGE:         334
COVERAGE:         335
COVERAGE:         336
COVERAGE:         337
COVERAGE:         338
COVERAGE:         339
COVERAGE:         340
COVERAGE:         341
COVERAGE:         342
COVERAGE:         343
COVERAGE:         344
COVERAGE:         345
COVERAGE:         346
COVERAGE:         347
COVERAGE:         348
COVERAGE:         349
COVERAGE:         350
COVERAGE:         351
COVERAGE:         352
COVERAGE:         353
COVERAGE:         354
COVERAGE:         355
COVERAGE:         356
COVERAGE:         357
COVERAGE:         358
COVERAGE:         359
COVERAGE:         360
COVERAGE:         361
COVERAGE:         362
COVERAGE:         363
COVERAGE:         364
COVERAGE:         365
COVERAGE:         366
COVERAGE:         367
COVERAGE:         368
COVERAGE:         369
COVERAGE:         370
COVERAGE:         371
COVERAGE:         372
COVERAGE:         373
COVERAGE:         374
COVERAGE:         375
COVERAGE:         376
COVERAGE:         377
COVERAGE:         378
COVERAGE:         379
COVERAGE:         380
COVERAGE:         381
COVERAGE:         382
COVERAGE:         383
COVERAGE:         384
COVERAGE:         385
COVERAGE:         386
COVERAGE:         387
COVERAGE:         388
COVERAGE:         389
COVERAGE:         390
COVERAGE:         391
COVERAGE:         392
COVERAGE:         393
COVERAGE:         394
COVERAGE:         395
COVERAGE:         396
COVERAGE:         397
COVERAGE:         398
COVERAGE:         399
COVERAGE:         400
COVERAGE:         401
COVERAGE:         402
COVERAGE:         403
COVERAGE:         404
COVERAGE:         405
COVERAGE:         406
COVERAGE:         407
COVERAGE:         408
COVERAGE:         409
COVERAGE:         410
COVERAGE:         411
COVERAGE:         412
COVERAGE:         413
COVERAGE:         414
COVERAGE:         415
COVERAGE:         416
COVERAGE:         417
COVERAGE:         418
COVERAGE:         419
COVERAGE:         420
COVERAGE:         421
COVERAGE:         422
COVERAGE:         423
COVERAGE:         424
COVERAGE:         425
COVERAGE:         426
COVERAGE:         427
COVERAGE:         428
COVERAGE:         429
COVERAGE:         430
COVERAGE:         431
COVERAGE:         432
COVERAGE:         433
COVERAGE:         434
COVERAGE:         435
COVERAGE:         436
COVERAGE:         437
COVERAGE:         438
COVERAGE:         439
COVERAGE:         440
COVERAGE:         441
COVERAGE:         442
COVERAGE:         443
COVERAGE:         444
COVERAGE:         445
COVERAGE:         446
COVERAGE:         447
COVERAGE:         448
COVERAGE:         449
COVERAGE:         450
COVERAGE:         451
COVERAGE:         452
COVERAGE:         453
COVERAGE:         454
COVERAGE:         455
COVERAGE:         456
COVERAGE:         457
COVERAGE:         458
COVERAGE:         459
COVERAGE:         460
COVERAGE:         461
COVERAGE:         462
COVERAGE:         463
COVERAGE:         464
COVERAGE:         465
COVERAGE:         466
COVERAGE:         467
COVERAGE:         468
COVERAGE:         469
COVERAGE:         470
COVERAGE:         471
COVERAGE:         472
COVERAGE:         473
COVERAGE:         474
COVERAGE:         475
COVERAGE:         476
COVERAGE:         477
COVERAGE:         478
COVERAGE:         479
COVERAGE:         480
COVERAGE:         481
COVERAGE:         482
COVERAGE:         483
COVERAGE:         484
COVERAGE:         485
COVERAGE:         486
COVERAGE:         487
COVERAGE:         488
COVERAGE:         489
COVERAGE:         490
COVERAGE:         491
COVERAGE:         492
COVERAGE:         493
COVERAGE:         494
COVERAGE:         495
COVERAGE:         496
COVERAGE:         497
COVERAGE:         498
COVERAGE:         499
COVERAGE:         500
COVERAGE:         501
COVERAGE:         502
COVERAGE:         503
COVERAGE:         504
COVERAGE:         505
COVERAGE:         506
COVERAGE:         507
COVERAGE:         508
COVERAGE:         509
COVERAGE:         510
COVERAGE:         511
COVERAGE:         512
COVERAGE:         513
COVERAGE:         514
COVERAGE:         515
COVERAGE:         516
COVERAGE:         517
COVERAGE:         518
COVERAGE:         519
COVERAGE:         520
COVERAGE:         521
COVERAGE:         522
COVERAGE:         523
COVERAGE:         524
COVERAGE:         525
COVERAGE:         526
COVERAGE:         527
COVERAGE:         528
COVERAGE:         529
COVERAGE:         530
COVERAGE:         531
COVERAGE:         532
COVERAGE:         533
COVERAGE:         534
COVERAGE:         535
COVERAGE:         536
COVERAGE:         537
COVERAGE:         538
COVERAGE:         539
COVERAGE:         540
COVERAGE:         541
COVERAGE:         542
COVERAGE:         543
COVERAGE:         544
COVERAGE:         545
COVERAGE:         546
COVERAGE:         547
COVERAGE:         548
COVERAGE:         549
COVERAGE:         550
COVERAGE:         551
COVERAGE:         552
COVERAGE:         553
COVERAGE:         554
COVERAGE:         555
COVERAGE:         556
COVERAGE:         557
COVERAGE:         558
COVERAGE:         559
COVERAGE:         560
COVERAGE:         561
COVERAGE:         562
COVERAGE:         563
COVERAGE:         564
COVERAGE:         565
COVERAGE:         566
COVERAGE:         567
COVERAGE:         568
COVERAGE:         569
COVERAGE:         570
COVERAGE:         571
COVERAGE:         572
COVERAGE:         573
COVERAGE:         574
COVERAGE:         575
COVERAGE:         576
COVERAGE:         577
COVERAGE:         578
COVERAGE:         579
COVERAGE:         580
COVERAGE:         581
COVERAGE:         582
COVERAGE:         583
COVERAGE:         584
COVERAGE:         585
COVERAGE:         586
COVERAGE:         587
COVERAGE:         588
COVERAGE:         589
COVERAGE:         590
COVERAGE:         591
COVERAGE:         592
COVERAGE:         593
COVERAGE:         594
COVERAGE:         595
COVERAGE:         596
COVERAGE:         597
COVERAGE:         598
COVERAGE:         599
COVERAGE:         600
COVERAGE:         601
COVERAGE:         602
COVERAGE:         603
COVERAGE:         604
COVERAGE:         605
COVERAGE:         606
COVERAGE:         607
COVERAGE:         608
COVERAGE:         609
COVERAGE:         610
COVERAGE:         611
COVERAGE:         612
COVERAGE:         613
COVERAGE:         614
COVERAGE:         615
COVERAGE:         616
COVERAGE:         617
COVERAGE:         618
COVERAGE:         619
COVERAGE:         620
COVERAGE:         621
COVERAGE:         622
COVERAGE:         623
COVERAGE:         624
COVERAGE:         625
COVERAGE:         626
COVERAGE:         627
COVERAGE:         628
COVERAGE:         629
COVERAGE:         630
COVERAGE:         631
COVERAGE:         632
COVERAGE:         633
COVERAGE:         634
COVERAGE:         635
COVERAGE:         636
COVERAGE:         637
COVERAGE:         638
COVERAGE:         639
COVERAGE:         640
COVERAGE:         641
COVERAGE:         642
COVERAGE:         643
COVERAGE:         644
COVERAGE:         645
COVERAGE:         646
COVERAGE:         647
COVERAGE:         648
COVERAGE:         649
COVERAGE:         650
COVERAGE:         651
COVERAGE:         652
COVERAGE:         653
COVERAGE:         654
COVERAGE:         655
COVERAGE:         656
COVERAGE:         657
COVERAGE:         658
COVERAGE:         659
COVERAGE:         660
COVERAGE:         661
COVERAGE:         662
COVERAGE:         663
COVERAGE:         664
COVERAGE:         665
COVERAGE:         666
COVERAGE:         667
COVERAGE:         668
COVERAGE:         669
COVERAGE:         670
COVERAGE:         671
COVERAGE:         672
COVERAGE:         673
COVERAGE:         674
COVERAGE:         675
COVERAGE:         676
COVERAGE:         677
COVERAGE:         678
COVERAGE:         679
COVERAGE:         680
COVERAGE:         681
COVERAGE:         682
COVERAGE:         683
COVERAGE:         684
COVERAGE:         685
COVERAGE:         686
COVERAGE:         687
COVERAGE:         688
COVERAGE:         689
COVERAGE:         690
COVERAGE:         691
COVERAGE:         692
COVERAGE:         693
COVERAGE:         694
COVERAGE:         695
COVERAGE:         696
COVERAGE:         697
COVERAGE:         698
COVERAGE:         699
COVERAGE:         700
COVERAGE:         701
COVERAGE:         702
COVERAGE:         703
COVERAGE:         704
COVERAGE:         705
COVERAGE:         706
COVERAGE:         707
COVERAGE:         708
COVERAGE:         709
COVERAGE:         710
COVERAGE:         711
COVERAGE:         712
COVERAGE:         713
COVERAGE:         714
COVERAGE:         715
COVERAGE:         716
COVERAGE:         717
COVERAGE:         718
COVERAGE:         719
COVERAGE:         720
COVERAGE:         721
COVERAGE:         722
COVERAGE:         723
COVERAGE:         724
COVERAGE:         725
COVERAGE:         726
COVERAGE:         727
COVERAGE:         728
COVERAGE:         729
COVERAGE:         730
COVERAGE:         731
COVERAGE:         732
COVERAGE:         733
COVERAGE:         734
COVERAGE:         735
COVERAGE:         736
COVERAGE:         737
COVERAGE:         738
COVERAGE:         739
COVERAGE:         740
COVERAGE:         741
COVERAGE:         742
COVERAGE:         743
COVERAGE:         744
COVERAGE:         745
COVERAGE:         746
COVERAGE:         747
COVERAGE:         748
COVERAGE:         749
COVERAGE:         750
COVERAGE:         751
COVERAGE:         752
COVERAGE:         753
COVERAGE:         754
COVERAGE:         755
COVERAGE:         756
COVERAGE:         757
COVERAGE:         758
COVERAGE:         759
COVERAGE:         760
COVERAGE:         761
COVERAGE:         762
COVERAGE:         763
COVERAGE:         764
COVERAGE:         765
COVERAGE:         766
COVERAGE:         767
COVERAGE:         768
COVERAGE:         769
COVERAGE:         770
COVERAGE:         771
COVERAGE:         772
COVERAGE:         773
COVERAGE:         774
COVERAGE:         775
COVERAGE:         776
COVERAGE:         777
COVERAGE:         778
COVERAGE:         779
COVERAGE:         780
COVERAGE:         781
COVERAGE:         782
COVERAGE:         783
COVERAGE:         784
COVERAGE:         785
COVERAGE:         786
COVERAGE:         787
COVERAGE:         788
COVERAGE:         789
COVERAGE:         790
COVERAGE:         791
COVERAGE:         792
COVERAGE:         793
COVERAGE:         794
COVERAGE:         795
COVERAGE:         796
COVERAGE:         797
COVERAGE:         798
COVERAGE:         799
COVERAGE:         800
COVERAGE:         801
COVERAGE:         802
COVERAGE:         803
COVERAGE:         804
COVERAGE:         805
COVERAGE:         806
COVERAGE:         807
COVERAGE:         808
COVERAGE:         809
COVERAGE:         810
COVERAGE:         811
COVERAGE:         812
COVERAGE:         813
COVERAGE:         814
COVERAGE:         815
COVERAGE:         816
COVERAGE:         817
COVERAGE:         818
COVERAGE:         819
COVERAGE:         820
COVERAGE:         821
COVERAGE:         822
COVERAGE:         823
COVERAGE:         824
COVERAGE:         825
COVERAGE:         826
COVERAGE:         827
COVERAGE:         828
COVERAGE:         829
COVERAGE:         830
COVERAGE:         831
COVERAGE:         832
COVERAGE:         833
COVERAGE:         834
COVERAGE:         835
COVERAGE:         836
COVERAGE:         837
COVERAGE:         838
COVERAGE:         839
COVERAGE:         840
COVERAGE:         841
COVERAGE:         842
COVERAGE:         843
COVERAGE:         844
COVERAGE:         845
COVERAGE:         846
COVERAGE:         847
COVERAGE:         848
COVERAGE:         849
COVERAGE:         850
COVERAGE:         851
COVERAGE:         852
COVERAGE:         853
COVERAGE:         854
COVERAGE:         855
COVERAGE:         856
COVERAGE:         857
COVERAGE:         858
COVERAGE:         859
COVERAGE:         860
COVERAGE:         861
COVERAGE:         862
COVERAGE:         863
COVERAGE:         864
COVERAGE:         865
COVERAGE:         866
COVERAGE:         867
COVERAGE:         868
COVERAGE:         869
COVERAGE:         870
COVERAGE:         871
COVERAGE:         872
COVERAGE:         873
COVERAGE:         874
COVERAGE:         875
COVERAGE:         876
COVERAGE:         877
COVERAGE:         878
COVERAGE:         879
COVERAGE:         880
COVERAGE:         881
COVERAGE:         882
COVERAGE:         883
COVERAGE:         884
COVERAGE:         885
COVERAGE:         886
COVERAGE:         887
COVERAGE:         888
COVERAGE:         889
COVERAGE:         890
COVERAGE:         891
COVERAGE:         892
COVERAGE:         893
COVERAGE:         894
COVERAGE:         895
COVERAGE:         896
COVERAGE:         897
COVERAGE:         898
COVERAGE:         899
COVERAGE:         900
COVERAGE:         901
COVERAGE:         902
COVERAGE:         903
COVERAGE:         904
COVERAGE:         905
COVERAGE:         906
COVERAGE:         907
COVERAGE:         908
COVERAGE:         909
COVERAGE:         910
COVERAGE:         911
COVERAGE:         912
COVERAGE:         913
COVERAGE:         914
COVERAGE:         915
COVERAGE:         916
COVERAGE:         917
COVERAGE:         918
COVERAGE:         919
COVERAGE:         920
COVERAGE:         921
COVERAGE:         922
COVERAGE:         923
COVERAGE:         924
COVERAGE:         925
COVERAGE:         926
COVERAGE:         927
COVERAGE:         928
COVERAGE:         929
COVERAGE:         930
COVERAGE:         931
COVERAGE:         932
COVERAGE:         933
COVERAGE:         934
COVERAGE:         935
COVERAGE:         936
COVERAGE:         937
COVERAGE:         938
COVERAGE:         939
COVERAGE:         940
COVERAGE:         941
COVERAGE:         942
COVERAGE:         943
COVERAGE:         944
COVERAGE:         945
COVERAGE:         946
COVERAGE:         947
COVERAGE:         948
COVERAGE:         949
COVERAGE:         950
COVERAGE:         951
COVERAGE:         952
COVERAGE:         953
COVERAGE:         954
COVERAGE:         955
COVERAGE:         956
COVERAGE:         957
COVERAGE:         958
COVERAGE:         959
COVERAGE:         960
COVERAGE:         961
COVERAGE:         962
COVERAGE:         963
COVERAGE:         964
COVERAGE:         965
COVERAGE:         966
COVERAGE:         967
COVERAGE:         968
COVERAGE:         969
COVERAGE:         970
COVERAGE:         971
COVERAGE:         972
COVERAGE:         973
COVERAGE:         974
COVERAGE:         975
COVERAGE:         976
COVERAGE:         977
COVERAGE:         978
COVERAGE:         979
COVERAGE:         980
COVERAGE:         981
COVERAGE:         982
COVERAGE:         983
COVERAGE:         984
COVERAGE:         985
COVERAGE:         986
COVERAGE:         987
COVERAGE:         988
COVERAGE:         989
COVERAGE:         990
COVERAGE:         991
COVERAGE:         992
COVERAGE:         993
COVERAGE:         994
COVERAGE:         995
COVERAGE:         996
COVERAGE:         997
COVERAGE:         998
COVERAGE:         999
UVM_INFO /usr/local/cds/XCELIUM1809/tools/methodology/UVM/CDNS-1.1d/sv/src/base/uvm_objection.svh(1268) @ 41780: reporter [TEST_DONE] 'run' phase is ready to proceed to the 'extract' phase

--- UVM Report catcher Summary ---


Number of demoted UVM_FATAL reports  :    0
Number of demoted UVM_ERROR reports  :    0
Number of demoted UVM_WARNING reports:    0
Number of caught UVM_FATAL reports   :    0
Number of caught UVM_ERROR reports   :    0
Number of caught UVM_WARNING reports :    0

--- UVM Report Summary ---

** Report counts by severity
UVM_INFO :    5
UVM_WARNING :    1
UVM_ERROR :    0
UVM_FATAL :    0
** Report counts by id
[Comparator Mismatch]     1
[MISCMP]     2
[RNTST]     1
[TEST_DONE]     1
[UVM_CMDLINE_PROC]     1
Simulation complete via $finish(1) at time 41780 NS + 47
/usr/local/cds/XCELIUM1809/tools/methodology/UVM/CDNS-1.1d/sv/src/base/uvm_root.svh:457     $finish;
xcelium> exit

coverage setup:
  workdir  :  ./cov_work
  dutinst  :  top(top)
  scope    :  scope
  testname :  test

coverage files:
  model(design data) :  ./cov_work/scope/icc_668d8bfb_00000000.ucm
  data               :  ./cov_work/scope/test/icc_668d8bfb_00000000.ucd
TOOL:	xrun(64)	18.09-s011: Exiting on Nov 07, 2019 at 15:27:50 -03  (total: 00:00:09)
